\BOOKMARK [0][-]{chapter.1}{\376\377\004\043\004\062\004\076\004\064}{}% 1
\BOOKMARK [1][-]{section.1.1}{\376\377\004\024\004\076\004\077\004\100\004\070\004\075\004\076\004\101\000\040\004\100\004\060\004\064\004\060}{chapter.1}% 2
\BOOKMARK [1][-]{section.1.2}{\376\377\004\036\004\100\004\063\004\060\004\075\004\070\004\067\004\060\004\106\004\070\004\130\004\060\000\040\004\100\004\060\004\064\004\060}{chapter.1}% 3
\BOOKMARK [0][-]{chapter.2}{\376\377\004\036\000\040\004\020\004\075\004\064\004\100\004\076\004\070\004\064\004\103}{}% 4
\BOOKMARK [1][-]{section.2.1}{\376\377\004\030\004\101\004\102\004\076\004\100\004\070\004\130\004\060\004\102\000\040\004\020\004\075\004\064\004\100\004\076\004\070\004\064\004\060}{chapter.2}% 5
\BOOKMARK [1][-]{section.2.2}{\376\377\004\040\004\060\004\067\004\062\004\076\004\130\004\075\004\070\000\040\004\074\004\076\004\064\004\065\004\073\000\040\004\060\004\075\004\064\004\100\004\076\004\070\004\064\004\060\000\040\004\070\000\040\004\067\004\060\004\130\004\065\004\064\004\075\004\070\004\106\004\060\000\040\004\076\004\102\004\062\004\076\004\100\004\065\004\075\004\076\004\063\000\040\004\072\004\076\004\064\004\060}{chapter.2}% 6
\BOOKMARK [1][-]{section.2.3}{\376\377\004\020\004\100\004\105\004\070\004\102\004\065\004\072\004\102\004\103\004\100\004\060\000\040\004\020\004\075\004\064\004\100\004\076\004\070\004\064\004\060}{chapter.2}% 7
\BOOKMARK [1][-]{section.2.4}{\376\377\004\023\004\064\004\065\000\040\004\130\004\065\000\040\004\020\004\075\004\064\004\100\004\076\004\070\004\064\000\040\004\075\004\060\004\110\004\060\004\076\000\040\004\101\004\062\004\076\004\130\004\065\000\040\004\074\004\065\004\101\004\102\004\076\000\040\004\103\000\040\004\076\004\062\004\076\004\074\000\040\004\100\004\060\004\064\004\103\000?}{chapter.2}% 8
\BOOKMARK [0][-]{chapter.3}{\376\377\004\036\000\040\004\040\004\076\004\101\004\061\004\065\004\100\004\070\000\040\004\037\004\070}{}% 9
\BOOKMARK [1][-]{section.3.1}{\376\377\004\030\004\101\004\102\004\076\004\100\004\070\004\130\004\060\004\102\000\040\004\040\004\076\004\101\004\061\004\065\004\100\004\070\000\040\004\037\004\070\000\040\004\077\004\073\004\060\004\102\004\104\004\076\004\100\004\074\004\065\000\040}{chapter.3}% 10
\BOOKMARK [1][-]{section.3.2}{\376\377\004\037\004\076\004\064\004\065\004\110\004\060\004\062\004\060\004\132\004\065\000\040\004\076\004\072\004\100\004\103\004\066\004\065\004\132\004\060\000\040\004\067\004\060\000\040\004\100\004\060\004\064\000\040\004\070\000\040\004\070\004\075\004\101\004\102\004\060\004\073\004\060\004\106\004\070\004\130\004\060\000\040\004\101\004\076\004\104\004\102\004\062\004\065\004\100\004\060}{chapter.3}% 11
\BOOKMARK [1][-]{section.3.3}{\376\377\004\044\004\070\004\067\004\070\004\107\004\072\004\076\000\040\004\077\004\076\004\062\004\065\004\067\004\070\004\062\004\060\004\132\004\065\000\040\004\040\004\076\004\101\004\061\004\065\004\100\004\070\004\130\004\060\000\040\004\101\004\060\000\040\004\077\004\073\004\060\004\102\004\104\004\076\004\100\004\074\004\076\004\074\000\040\004\100\004\076\004\061\004\076\004\102\004\060}{chapter.3}% 12
\BOOKMARK [0][-]{chapter.4}{\376\377\004\020\004\073\004\063\004\076\004\100\004\070\004\102\004\060\004\074\000\040\004\067\004\060\004\076\004\061\004\070\004\073\004\060\004\066\004\065\004\132\004\060\000\040\004\077\004\100\004\065\004\077\004\100\004\065\004\072\004\065}{}% 13
\BOOKMARK [1][-]{section.4.1}{\376\377\004\032\004\060\004\072\004\076\000\040\004\100\004\060\004\064\004\065\000\040\004\021\004\020\004\023\0001\000\040\004\070\000\040\004\021\004\020\004\023\0002\000\040\004\060\004\073\004\063\004\076\004\100\004\070\004\102\004\074\004\070\000?}{chapter.4}% 14
\BOOKMARK [1][-]{section.4.2}{\376\377\004\032\004\060\004\072\004\076\000\040\004\100\004\076\004\061\004\076\004\102\000\040\004\072\004\076\004\100\004\070\004\101\004\102\004\070\000\040\004\021\004\020\004\023\000\040\004\060\004\073\004\063\004\076\004\100\004\070\004\102\004\060\004\074\000?}{chapter.4}% 15
\BOOKMARK [0][-]{chapter.5}{\376\377\004\020\004\077\004\073\004\070\004\072\004\060\004\106\004\070\004\130\004\060}{}% 16
\BOOKMARK [1][-]{section.5.1}{\376\377\004\030\004\074\004\077\004\073\004\065\004\074\004\065\004\075\004\102\004\060\004\106\004\070\004\130\004\060\000\040\004\020\004\075\004\064\004\100\004\076\004\070\004\064\000\040\004\060\004\077\004\073\004\070\004\072\004\060\004\106\004\070\004\130\004\065}{chapter.5}% 17
\BOOKMARK [1][-]{section.5.2}{\376\377\004\030\004\074\004\077\004\073\004\065\004\074\004\065\004\075\004\102\004\060\004\106\004\070\004\130\004\060\000\040\004\037\004\060\004\130\004\102\004\076\004\075\000\040\004\060\004\077\004\073\004\070\004\072\004\060\004\106\004\070\004\130\004\065\000\040\004\075\004\060\000\040\004\040\004\076\004\101\004\061\004\065\004\100\004\070\004\130\004\103}{chapter.5}% 18
\BOOKMARK [0][-]{chapter.6}{\376\377\004\027\004\060\004\072\004\131\004\103\004\107\004\060\004\072}{}% 19
\BOOKMARK [0][-]{chapter*.9}{\376\377\004\021\004\070\004\061\004\073\004\070\004\076\004\063\004\100\004\060\004\104\004\070\004\130\004\060}{}% 20
